<?xml version="1.0" encoding="UTF-8"?>
<testng-results ignored="0" total="1" passed="1" failed="0" skipped="0">
  <reporter-output>
  </reporter-output>
  <suite started-at="2023-08-03T20:41:01 IST" name="Default suite" finished-at="2023-08-03T20:41:02 IST" duration-ms="85">
    <groups>
    </groups>
    <test started-at="2023-08-03T20:41:01 IST" name="Default test" finished-at="2023-08-03T20:41:02 IST" duration-ms="85">
      <class name="sample.sample">
        <test-method signature="demo1()[pri:0, instance:sample.sample@9225652]" started-at="2023-08-03T20:41:02 IST" name="demo1" finished-at="2023-08-03T20:41:02 IST" duration-ms="14" status="PASS">
          <reporter-output>
          </reporter-output>
        </test-method> <!-- demo1 -->
      </class> <!-- sample.sample -->
    </test> <!-- Default test -->
  </suite> <!-- Default suite -->
</testng-results>
